2022-11-02 15:56:56.602  INFO 15082 --- [main] nl.hanze.newgameserver.Main              : Starting Main on archlinux with PID 15082 (/home/downey/Desktop/skool/hbo_ICT_j2/OOP1/project/project-ISY/src/main/java/isy/team4/projectisy/util/newgameserver-1.0.jar started by downey in /home/downey/Desktop/skool/hbo_ICT_j2/OOP1/project/project-ISY/src/main/java/isy/team4/projectisy/util)
2022-11-02 15:56:56.606  INFO 15082 --- [main] nl.hanze.newgameserver.Main              : No active profile set, falling back to default profiles: default
2022-11-02 15:56:58.113  INFO 15082 --- [main] o.s.b.w.embedded.tomcat.TomcatWebServer  : Tomcat initialized with port(s): 8081 (http)
2022-11-02 15:56:58.140  INFO 15082 --- [main] o.apache.catalina.core.StandardService   : Starting service [Tomcat]
2022-11-02 15:56:58.141  INFO 15082 --- [main] org.apache.catalina.core.StandardEngine  : Starting Servlet engine: [Apache Tomcat/9.0.39]
2022-11-02 15:56:58.271  INFO 15082 --- [main] o.a.c.c.C.[Tomcat].[localhost].[/]       : Initializing Spring embedded WebApplicationContext
2022-11-02 15:56:58.272  INFO 15082 --- [main] w.s.c.ServletWebServerApplicationContext : Root WebApplicationContext: initialization completed in 1547 ms
2022-11-02 15:56:58.483  INFO 15082 --- [main] o.s.s.concurrent.ThreadPoolTaskExecutor  : Initializing ExecutorService 'clientInboundChannelExecutor'
2022-11-02 15:56:58.486  INFO 15082 --- [main] o.s.s.concurrent.ThreadPoolTaskExecutor  : Initializing ExecutorService 'clientOutboundChannelExecutor'
2022-11-02 15:56:58.539  INFO 15082 --- [main] o.s.s.c.ThreadPoolTaskScheduler          : Initializing ExecutorService 'messageBrokerTaskScheduler'
2022-11-02 15:56:58.629  INFO 15082 --- [main] o.s.s.concurrent.ThreadPoolTaskExecutor  : Initializing ExecutorService 'brokerChannelExecutor'
2022-11-02 15:56:58.933  INFO 15082 --- [main] o.s.b.a.w.s.WelcomePageHandlerMapping    : Adding welcome page: class path resource [public/index.html]
2022-11-02 15:56:59.060  INFO 15082 --- [main] o.s.b.w.embedded.tomcat.TomcatWebServer  : Tomcat started on port(s): 8081 (http) with context path ''
2022-11-02 15:56:59.062  INFO 15082 --- [main] o.s.m.s.b.SimpleBrokerMessageHandler     : Starting...
2022-11-02 15:56:59.063  INFO 15082 --- [main] o.s.m.s.b.SimpleBrokerMessageHandler     : BrokerAvailabilityEvent[available=true, SimpleBrokerMessageHandler [DefaultSubscriptionRegistry[cache[0 destination(s)], registry[0 sessions]]]]
2022-11-02 15:56:59.063  INFO 15082 --- [main] o.s.m.s.b.SimpleBrokerMessageHandler     : Started.
2022-11-02 15:56:59.083  INFO 15082 --- [main] nl.hanze.newgameserver.Main              : Started Main in 2.964 seconds (JVM running for 3.473)
2022-11-02 15:56:59.097  INFO 15082 --- [main] main                                     : gameserver is now listening on port 7789
2022-11-02 15:57:58.626  INFO 15082 --- [MessageBroker-1] o.s.w.s.c.WebSocketMessageBrokerStats    : WebSocketSession[0 current WS(0)-HttpStream(0)-HttpPoll(0), 0 total, 0 closed abnormally (0 connect failure, 0 send limit, 0 transport error)], stompSubProtocol[processed CONNECT(0)-CONNECTED(0)-DISCONNECT(0)], stompBrokerRelay[null], inboundChannel[pool size = 0, active threads = 0, queued tasks = 0, completed tasks = 0], outboundChannel[pool size = 0, active threads = 0, queued tasks = 0, completed tasks = 0], sockJsScheduler[pool size = 1, active threads = 1, queued tasks = 0, completed tasks = 0]
2022-11-02 16:00:49.761  INFO 15082 --- [main] main                                     : new client connected from /127.0.0.1:56526
2022-11-02 16:05:24.306  INFO 15082 --- [main] main                                     : new client connected from /127.0.0.1:46528
2022-11-02 16:05:33.643  INFO 15082 --- [main] main                                     : new client connected from /127.0.0.1:41728
2022-11-02 16:05:39.278  INFO 15082 --- [Thread-4] client-thread <not logged in>            : issues command: 'login as'
2022-11-02 16:05:45.702  INFO 15082 --- [main] main                                     : new client connected from /127.0.0.1:49832
2022-11-02 16:08:01.546  INFO 15082 --- [main] main                                     : new client connected from /127.0.0.1:38810
2022-11-02 16:25:09.116  INFO 15082 --- [Thread-6] client-thread <not logged in>            : issues command: 'login cd'
2022-11-02 16:25:16.148  INFO 15082 --- [main] main                                     : new client connected from /127.0.0.1:53288
2022-11-02 16:27:25.732  INFO 15082 --- [Thread-7] client-thread <not logged in>            : issues command: 'login googa'
2022-11-02 16:27:27.419  INFO 15082 --- [Thread-7] client-thread googa                      : issues command: 'subscribe tic-tac-toe'
2022-11-02 16:27:33.407  INFO 15082 --- [main] main                                     : new client connected from /127.0.0.1:41946
2022-11-02 16:27:42.528  INFO 15082 --- [Thread-8] client-thread <not logged in>            : issues command: 'login booba'
2022-11-02 16:27:46.737  INFO 15082 --- [Thread-8] client-thread booba                      : issues command: 'subscribe tic-tac-toe'
2022-11-02 16:27:46.772  INFO 15082 --- [Thread-8] game [1,booba,googa]                     : started
2022-11-02 16:27:46.776  INFO 15082 --- [Thread-8] client-thread booba                      : issues command: 'move 4'
2022-11-02 16:27:46.792  INFO 15082 --- [Thread-7] client-thread googa                      : issues command: 'move 0'
2022-11-02 16:27:46.830  INFO 15082 --- [Thread-8] client-thread booba                      : issues command: 'move 2'
2022-11-02 16:27:46.838  INFO 15082 --- [Thread-7] client-thread googa                      : issues command: 'move 6'
2022-11-02 16:27:46.874  INFO 15082 --- [Thread-8] client-thread booba                      : issues command: 'move 8'
2022-11-02 16:27:46.884  INFO 15082 --- [Thread-7] client-thread googa                      : issues command: 'move 3'
2022-11-02 16:27:46.887  INFO 15082 --- [Thread-7] game [1,booba,googa]                     : winner: googa; 
2022-11-02 16:27:58.626  INFO 15082 --- [MessageBroker-1] o.s.w.s.c.WebSocketMessageBrokerStats    : WebSocketSession[0 current WS(0)-HttpStream(0)-HttpPoll(0), 0 total, 0 closed abnormally (0 connect failure, 0 send limit, 0 transport error)], stompSubProtocol[processed CONNECT(0)-CONNECTED(0)-DISCONNECT(0)], stompBrokerRelay[null], inboundChannel[pool size = 0, active threads = 0, queued tasks = 0, completed tasks = 0], outboundChannel[pool size = 0, active threads = 0, queued tasks = 0, completed tasks = 0], sockJsScheduler[pool size = 2, active threads = 1, queued tasks = 0, completed tasks = 1]
2022-11-02 16:30:41.275  INFO 15082 --- [main] main                                     : new client connected from /127.0.0.1:50868
2022-11-02 16:30:46.078  INFO 15082 --- [Thread-15] client-thread <not logged in>            : issues command: 'login figma'
2022-11-02 16:30:48.074  INFO 15082 --- [Thread-15] client-thread figma                      : issues command: 'subscribe tic-tac-toe'
2022-11-02 16:30:58.355  INFO 15082 --- [main] main                                     : new client connected from /127.0.0.1:59998
2022-11-02 16:31:06.626  INFO 15082 --- [Thread-16] client-thread <not logged in>            : issues command: 'login deez'
2022-11-02 16:31:08.771  INFO 15082 --- [Thread-16] client-thread deez                       : issues command: 'subscribe tic-tac-toe'
2022-11-02 16:31:08.773  INFO 15082 --- [Thread-16] game [2,figma,deez]                      : started
2022-11-02 16:31:08.774  INFO 15082 --- [Thread-15] client-thread figma                      : issues command: 'move 4'
2022-11-02 16:31:08.776  INFO 15082 --- [Thread-16] client-thread deez                       : issues command: 'move 0'
2022-11-02 16:31:08.816  INFO 15082 --- [Thread-15] client-thread figma                      : issues command: 'move 2'
2022-11-02 16:31:08.823  INFO 15082 --- [Thread-16] client-thread deez                       : issues command: 'move 6'
2022-11-02 16:31:08.860  INFO 15082 --- [Thread-15] client-thread figma                      : issues command: 'move 3'
2022-11-02 16:31:08.867  INFO 15082 --- [Thread-16] client-thread deez                       : issues command: 'move 5'
2022-11-02 16:31:08.907  INFO 15082 --- [Thread-15] client-thread figma                      : issues command: 'move 8'
2022-11-02 16:31:08.910  INFO 15082 --- [Thread-16] client-thread deez                       : issues command: 'move 1'
2022-11-02 16:31:08.951  INFO 15082 --- [Thread-15] client-thread figma                      : issues command: 'move 7'
2022-11-02 16:31:08.951  INFO 15082 --- [Thread-15] game [2,figma,deez]                      : winner: null; 
